<?xml version="1.0" encoding="UTF-8"?>
<!-- Generated by org.testng.reporters.JUnitReportReporter -->
<testsuite hostname="DESKTOP-JDBUUPE" failures="0" tests="2" name="test.LoginTestVerification" time="1.015" errors="0" timestamp="2021-05-08T14:21:07 IST" skipped="0">
  <testcase classname="test.LoginTestVerification" name="f" time="1.008"/>
  <system-out/>
  <testcase classname="test.LoginTestVerification" name="f" time="0.007"/>
  <system-out/>
</testsuite> <!-- test.LoginTestVerification -->
